<?xml version="1.0" encoding="UTF-8"?>
<testsuite name="ie.napkin.supertasks.RankTest" tests="6" skipped="0" failures="0" errors="0" timestamp="2026-07-12T15:57:04.938Z" hostname="REDMARK" time="0.019">
  <properties/>
  <testcase name="first rank is a single middle digit" classname="ie.napkin.supertasks.RankTest" time="0.002"/>
  <testcase name="generated ranks never end in zero" classname="ie.napkin.supertasks.RankTest" time="0.002"/>
  <testcase name="prepend many stays ordered" classname="ie.napkin.supertasks.RankTest" time="0.003"/>
  <testcase name="between orders strictly" classname="ie.napkin.supertasks.RankTest" time="0.001"/>
  <testcase name="append many stays ordered" classname="ie.napkin.supertasks.RankTest" time="0.001"/>
  <testcase name="repeated midpoint insertion converges without collision" classname="ie.napkin.supertasks.RankTest" time="0.009"/>
  <system-out><![CDATA[]]></system-out>
  <system-err><![CDATA[]]></system-err>
</testsuite>
