<?xml version="1.0" encoding="UTF-8"?>
<testsuite name="ie.napkin.supertasks.FilterCompilerTest" tests="9" skipped="0" failures="0" errors="0" timestamp="2026-07-12T15:57:04.640Z" hostname="REDMARK" time="0.291">
  <properties/>
  <testcase name="prop clauses become EXISTS subqueries with typed columns" classname="ie.napkin.supertasks.FilterCompilerTest" time="0.094"/>
  <testcase name="args order matches placeholder order" classname="ie.napkin.supertasks.FilterCompilerTest" time="0.01"/>
  <testcase name="scoped query uses the recursive CTE and binds the root" classname="ie.napkin.supertasks.FilterCompilerTest" time="0.003"/>
  <testcase name="workspace scope drops the recursive CTE" classname="ie.napkin.supertasks.FilterCompilerTest" time="0.001"/>
  <testcase name="dateRel resolves against provided now" classname="ie.napkin.supertasks.FilterCompilerTest" time="0.001"/>
  <testcase name="sort nulls last emits IS NULL guard first" classname="ie.napkin.supertasks.FilterCompilerTest" time="0.001"/>
  <testcase name="apply_on_create derives from EQ clauses only" classname="ie.napkin.supertasks.FilterCompilerTest" time="0.023"/>
  <testcase name="not and any compose" classname="ie.napkin.supertasks.FilterCompilerTest" time="0.005"/>
  <testcase name="filter roundtrips through json" classname="ie.napkin.supertasks.FilterCompilerTest" time="0.137"/>
  <system-out><![CDATA[]]></system-out>
  <system-err><![CDATA[]]></system-err>
</testsuite>
